<?xml version="1.0" encoding="UTF-8"?>
<testsuites name="TestSuite1" time="17" tests="1" failures="0" errors="0">
   <testsuite name="TestSuite1" tests="1" failures="0" errors="0" time="17" timestamp="2018-11-23 09:50:57" hostname="raulc - TPL0126.ad.avocette.com" id="Test Suites/TestSuite1">
      <properties>
         <property name="deviceName" value=""/>
         <property name="devicePlatform" value=""/>
         <property name="logFolder" value="C:\\Users\\raulc\\Katalon Studio\\wikiTest\\Reports\\TestSuite1\\20181123_095055"/>
         <property name="logFiles" value="C:\\Users\\raulc\\Katalon Studio\\wikiTest\\Reports\\TestSuite1\\20181123_095055\\execution0.log"/>
         <property name="attachments" value="C:\\Users\\raulc\\Katalon Studio\\wikiTest\\Reports\\TestSuite1\\20181123_095055\\ScreenShot1, C:\\Users\\raulc\\Katalon Studio\\wikiTest\\Reports\\TestSuite1\\20181123_095055\\ScreenShot1"/>
         <property name="hostName" value="raulc - TPL0126.ad.avocette.com"/>
         <property name="os" value="Windows 10 64bit"/>
         <property name="katalonVersion" value="5.8.6.1"/>
         <property name="browser" value="Firefox 63.0"/>
         <property name="hostAddress" value="10.220.106.66"/>
         <property name="sessionId" value="28b81d3d-0453-4c84-aa05-495a2db89778"/>
         <property name="seleniumVersion" value="3.7.1"/>
         <property name="proxyInformation" value="ProxyInformation{proxyOption=NO_PROXY, proxyServerType=HTTP, password=, proxyServerAddress=, proxyServerPort=0}"/>
         <property name="platform" value="Windows 10"/>
      </properties>
      <testcase name="Test Cases/New Test Case" classname="Test Cases/New Test Case" status="PASSED">
         <system-out><![CDATA[2018-11-23 09:50:59 - [TEST_CASE][PASSED] - Test Cases/New Test Case: Test Cases/New Test Case

2018-11-23 09:50:59 - [TEST_STEP][PASSED] - openBrowser: Browser is opened with url: 'https://en.wikipedia.org/wiki/Main_Page'

2018-11-23 09:51:06 - [MESSAGE][PASSED] - Browser is opened with url: 'https://en.wikipedia.org/wiki/Main_Page'

2018-11-23 09:51:06 - [TEST_STEP][PASSED] - Statement - For ([row = 1, row <= com.kms.katalon.core.testdata.TestDataFactory.findTestData(myData).getRowNumbers(), (row++)]): Taking screenshot successfully

2018-11-23 09:51:08 - [TEST_STEP][PASSED] - navigateToUrl: Navigate to 'https://en.wikipedia.org/wiki/Main_Page' successfully

2018-11-23 09:51:08 - [MESSAGE][PASSED] - Navigate to 'https://en.wikipedia.org/wiki/Main_Page' successfully

2018-11-23 09:51:08 - [TEST_STEP][PASSED] - setText: Text 'Software' is set on object 'Object Repository/Page_Wikipedia the free encyclopedi/input_Search_search'

2018-11-23 09:51:09 - [MESSAGE][PASSED] - Text 'Software' is set on object 'Object Repository/Page_Wikipedia the free encyclopedi/input_Search_search'

2018-11-23 09:51:09 - [TEST_STEP][PASSED] - click: Object: 'Object Repository/Page_Wikipedia the free encyclopedi/input_Search_go' is clicked on

2018-11-23 09:51:09 - [MESSAGE][PASSED] - Object: 'Object Repository/Page_Wikipedia the free encyclopedi/input_Search_go' is clicked on

2018-11-23 09:51:09 - [TEST_STEP][PASSED] - navigateToUrl: Navigate to 'https://en.wikipedia.org/wiki/Software' successfully

2018-11-23 09:51:10 - [MESSAGE][PASSED] - Navigate to 'https://en.wikipedia.org/wiki/Software' successfully

2018-11-23 09:51:10 - [TEST_STEP][PASSED] - click: Object: 'Object Repository/Page_Software - Wikipedia/span_History' is clicked on

2018-11-23 09:51:10 - [MESSAGE][PASSED] - Object: 'Object Repository/Page_Software - Wikipedia/span_History' is clicked on

2018-11-23 09:51:10 - [TEST_STEP][PASSED] - takeScreenshot: Taking screenshot successfully

2018-11-23 09:51:10 - [MESSAGE][PASSED] - Taking screenshot successfully
[[ATTACHMENT|C:\\Users\\raulc\\Katalon Studio\\wikiTest\\Reports\\TestSuite1\\20181123_095055\\ScreenShot1]]

2018-11-23 09:51:10 - [TEST_STEP][PASSED] - navigateToUrl: Navigate to 'https://en.wikipedia.org/wiki/Portal:Contents' successfully

2018-11-23 09:51:11 - [MESSAGE][PASSED] - Navigate to 'https://en.wikipedia.org/wiki/Portal:Contents' successfully

2018-11-23 09:51:11 - [TEST_STEP][PASSED] - setText: Text 'History' is set on object 'Object Repository/Page_Wikipedia the free encyclopedi/input_Search_search'

2018-11-23 09:51:11 - [MESSAGE][PASSED] - Text 'History' is set on object 'Object Repository/Page_Wikipedia the free encyclopedi/input_Search_search'

2018-11-23 09:51:11 - [TEST_STEP][PASSED] - click: Object: 'Object Repository/Page_Wikipedia the free encyclopedi/input_Search_go' is clicked on

2018-11-23 09:51:13 - [MESSAGE][PASSED] - Object: 'Object Repository/Page_Wikipedia the free encyclopedi/input_Search_go' is clicked on

2018-11-23 09:51:13 - [TEST_STEP][PASSED] - navigateToUrl: Navigate to 'https://en.wikipedia.org/wiki/Software' successfully

2018-11-23 09:51:13 - [MESSAGE][PASSED] - Navigate to 'https://en.wikipedia.org/wiki/Software' successfully

2018-11-23 09:51:13 - [TEST_STEP][PASSED] - click: Object: 'Object Repository/Page_Software - Wikipedia/span_History' is clicked on

2018-11-23 09:51:13 - [MESSAGE][PASSED] - Object: 'Object Repository/Page_Software - Wikipedia/span_History' is clicked on

2018-11-23 09:51:13 - [TEST_STEP][PASSED] - takeScreenshot: Taking screenshot successfully

2018-11-23 09:51:13 - [MESSAGE][PASSED] - Taking screenshot successfully
[[ATTACHMENT|C:\\Users\\raulc\\Katalon Studio\\wikiTest\\Reports\\TestSuite1\\20181123_095055\\ScreenShot1]]

2018-11-23 09:51:13 - [TEST_STEP][PASSED] - closeBrowser: Browser is closed

2018-11-23 09:51:15 - [MESSAGE][PASSED] - Browser is closed]]></system-out>
         <system-err><![CDATA[]]></system-err>
      </testcase>
      <system-out><![CDATA[2018-11-23 09:50:57 - [TEST_SUITE][PASSED] - TestSuite1: Test Cases/New Test Case]]></system-out>
      <system-err><![CDATA[]]></system-err>
   </testsuite>
</testsuites>
